<?xml version="1.0" encoding="UTF-8"?>
<!-- Generated by org.testng.reporters.JUnitReportReporter -->
<testsuite hostname="DESKTOP-HIN4ESK" failures="0" tests="1" name="practise_form_testng.tutorialspoint" time="2.731" errors="0" timestamp="2024-08-08T12:40:38 IST" skipped="0">
  <testcase classname="practise_form_testng.tutorialspoint" name="func" time="2.731"/>
</testsuite> <!-- practise_form_testng.tutorialspoint -->
