<?xml version="1.0" encoding="UTF-8"?>
<!-- Generated by org.testng.reporters.JUnitReportReporter -->
<testsuite hostname="DESKTOP-HIN4ESK" failures="0" tests="1" name="frameseleniumpractise.frameNewTest" time="9.263" errors="0" timestamp="2024-08-06T22:05:18 IST" skipped="0">
  <testcase classname="frameseleniumpractise.frameNewTest" name="f" time="9.263"/>
</testsuite> <!-- frameseleniumpractise.frameNewTest -->
