<?xml version="1.0" encoding="UTF-8"?>
<!-- Generated by org.testng.reporters.JUnitReportReporter -->
<testsuite hostname="DESKTOP-HIN4ESK" failures="0" tests="1" name="Keyboardactions.Keyboard1.NewTest4" time="4.404" errors="0" timestamp="2024-08-03T09:36:54 IST" skipped="0">
  <testcase classname="Keyboardactions.Keyboard1.NewTest4" name="f" time="4.404"/>
</testsuite> <!-- Keyboardactions.Keyboard1.NewTest4 -->
