<?xml version="1.0" encoding="UTF-8"?>
<!-- Generated by org.testng.reporters.JUnitReportReporter -->
<testsuite hostname="DESKTOP-HIN4ESK" failures="0" tests="1" name="tutorialspoint.button" time="0.419" errors="0" timestamp="2024-08-07T11:27:30 IST" skipped="0">
  <testcase classname="tutorialspoint.button" name="f" time="0.419"/>
</testsuite> <!-- tutorialspoint.button -->
