<?xml version="1.0" encoding="UTF-8"?>
<!-- Generated by org.testng.reporters.JUnitReportReporter -->
<testsuite hostname="DESKTOP-HIN4ESK" failures="0" tests="1" name="jqueryui.com_datepicker.NewTest_jqueryui" time="0.249" errors="0" timestamp="2024-08-07T18:23:04 IST" skipped="0">
  <testcase classname="jqueryui.com_datepicker.NewTest_jqueryui" name="f" time="0.249"/>
</testsuite> <!-- jqueryui.com_datepicker.NewTest_jqueryui -->
