<?xml version="1.0" encoding="UTF-8"?>
<!-- Generated by org.testng.reporters.JUnitReportReporter -->
<testsuite hostname="DESKTOP-HIN4ESK" failures="0" tests="1" name="Keyboardactions.Keyboard1.NewTest1" time="6.252" errors="0" timestamp="2024-08-03T07:57:53 IST" skipped="0">
  <testcase classname="Keyboardactions.Keyboard1.NewTest1" name="internetapptest" time="6.252"/>
</testsuite> <!-- Keyboardactions.Keyboard1.NewTest1 -->
