<?xml version="1.0" encoding="UTF-8"?>
<!-- Generated by org.testng.reporters.JUnitReportReporter -->
<testsuite hostname="DESKTOP-HIN4ESK" failures="0" tests="1" name="tutorialspoint.NewTest" time="0.862" errors="0" timestamp="2024-08-07T21:01:31 IST" skipped="0">
  <testcase classname="tutorialspoint.NewTest" name="f" time="0.862"/>
</testsuite> <!-- tutorialspoint.NewTest -->
