<?xml version="1.0" encoding="UTF-8"?>
<!-- Generated by org.testng.reporters.JUnitReportReporter -->
<testsuite hostname="DESKTOP-HIN4ESK" failures="0" tests="1" name="tutorialspoint.radiobutton" time="2.200" errors="0" timestamp="2024-08-07T10:09:35 IST" skipped="0">
  <testcase classname="tutorialspoint.radiobutton" name="f" time="2.200"/>
</testsuite> <!-- tutorialspoint.radiobutton -->
