<?xml version="1.0" encoding="UTF-8"?>
<!-- Generated by org.testng.reporters.JUnitReportReporter -->
<testsuite hostname="DESKTOP-HIN4ESK" failures="0" tests="1" name="gurutabletutorial.gurutableNewTest" time="0.533" errors="0" timestamp="2024-08-06T18:50:36 IST" skipped="0">
  <testcase classname="gurutabletutorial.gurutableNewTest" name="f" time="0.533"/>
</testsuite> <!-- gurutabletutorial.gurutableNewTest -->
