<?xml version="1.0" encoding="UTF-8"?>
<!-- Generated by org.testng.reporters.JUnitReportReporter -->
<testsuite hostname="DESKTOP-HIN4ESK" failures="0" tests="1" name="Practise_selenium.NewTest" time="2.800" errors="0" timestamp="2024-08-05T07:56:41 IST" skipped="0">
  <testcase classname="Practise_selenium.NewTest" name="function" time="2.800"/>
</testsuite> <!-- Practise_selenium.NewTest -->
