<?xml version="1.0" encoding="UTF-8"?>
<!-- Generated by org.testng.reporters.JUnitReportReporter -->
<testsuite hostname="DESKTOP-HIN4ESK" failures="0" tests="1" name="snapdeal.NewTest_snapdeal" time="2.312" errors="0" timestamp="2024-08-05T19:21:39 IST" skipped="0">
  <testcase classname="snapdeal.NewTest_snapdeal" name="f" time="2.312"/>
</testsuite> <!-- snapdeal.NewTest_snapdeal -->
