<?xml version="1.0" encoding="UTF-8"?>
<!-- Generated by org.testng.reporters.JUnitReportReporter -->
<testsuite hostname="DESKTOP-HIN4ESK" failures="0" tests="1" name="scroll.NewTest" time="10.083" errors="0" timestamp="2024-08-06T22:23:50 IST" skipped="0">
  <testcase classname="scroll.NewTest" name="f" time="10.083"/>
</testsuite> <!-- scroll.NewTest -->
