<?xml version="1.0" encoding="UTF-8"?>
<!-- Generated by org.testng.reporters.JUnitReportReporter -->
<testsuite hostname="DESKTOP-HIN4ESK" failures="0" tests="1" name="tutorialspoint.Textbox" time="6.679" errors="0" timestamp="2024-08-07T07:21:14 IST" skipped="0">
  <testcase classname="tutorialspoint.Textbox" name="f" time="6.679"/>
</testsuite> <!-- tutorialspoint.Textbox -->
