<?xml version="1.0" encoding="UTF-8"?>
<!-- Generated by org.testng.reporters.JUnitReportReporter -->
<testsuite hostname="DESKTOP-HIN4ESK" failures="0" tests="1" name="tutorialspoint.Checkbox" time="1.682" errors="0" timestamp="2024-08-07T09:16:20 IST" skipped="0">
  <testcase classname="tutorialspoint.Checkbox" name="f" time="1.682"/>
</testsuite> <!-- tutorialspoint.Checkbox -->
