<?xml version="1.0" encoding="UTF-8"?>
<!-- Generated by org.testng.reporters.JUnitReportReporter -->
<testsuite hostname="DESKTOP-HIN4ESK" failures="0" tests="1" name="Keyboardactions.Keyboard1.key1" time="0.030" errors="0" timestamp="2024-08-03T06:36:31 IST" skipped="0">
  <testcase classname="Keyboardactions.Keyboard1.key1" name="gettitle" time="0.030"/>
</testsuite> <!-- Keyboardactions.Keyboard1.key1 -->
