<?xml version="1.0" encoding="UTF-8"?>
<!-- Generated by org.testng.reporters.JUnitReportReporter -->
<testsuite hostname="DESKTOP-HIN4ESK" failures="0" tests="1" name="Practise_selenium.NewTest1" time="2.168" errors="0" timestamp="2024-08-05T11:55:45 IST" skipped="0">
  <testcase classname="Practise_selenium.NewTest1" name="radio" time="2.168"/>
</testsuite> <!-- Practise_selenium.NewTest1 -->
