<?xml version="1.0" encoding="UTF-8"?>
<!-- Generated by org.testng.reporters.JUnitReportReporter -->
<testsuite hostname="DESKTOP-HIN4ESK" failures="0" tests="1" name="selenium.selenium_scroll" time="26.197" errors="0" timestamp="2024-08-08T12:34:02 IST" skipped="0">
  <testcase classname="selenium.selenium_scroll" name="f" time="26.197"/>
</testsuite> <!-- selenium.selenium_scroll -->
