<?xml version="1.0" encoding="UTF-8"?>
<!-- Generated by org.testng.reporters.JUnitReportReporter -->
<testsuite hostname="DESKTOP-HIN4ESK" failures="0" tests="1" name="tabletutorial.table_NewTest_tutorial" time="0.510" errors="0" timestamp="2024-08-06T15:10:15 IST" skipped="0">
  <testcase classname="tabletutorial.table_NewTest_tutorial" name="tablerccount" time="0.510"/>
</testsuite> <!-- tabletutorial.table_NewTest_tutorial -->
