<?xml version="1.0" encoding="UTF-8"?>
<!-- Generated by org.testng.reporters.JUnitReportReporter -->
<testsuite hostname="DESKTOP-HIN4ESK" failures="0" tests="1" name="Keyboardactions.Keyboard1.NewTest2" time="2.190" errors="0" timestamp="2024-08-03T08:20:07 IST" skipped="0">
  <testcase classname="Keyboardactions.Keyboard1.NewTest2" name="seleniumcheck" time="2.190"/>
</testsuite> <!-- Keyboardactions.Keyboard1.NewTest2 -->
