<?xml version="1.0" encoding="UTF-8"?>
<!-- Generated by org.testng.reporters.JUnitReportReporter -->
<testsuite hostname="DESKTOP-HIN4ESK" failures="0" tests="2" name="Keyboardactions.Keyboard1.NewTest" time="1.501" errors="0" timestamp="2024-08-03T06:23:56 IST" skipped="0">
  <testcase classname="Keyboardactions.Keyboard1.NewTest" name="gettingtitle" time="1.027"/>
  <testcase classname="Keyboardactions.Keyboard1.NewTest" name="keyboardevents" time="0.474"/>
</testsuite> <!-- Keyboardactions.Keyboard1.NewTest -->
