<?xml version="1.0" encoding="UTF-8"?>
<!-- Generated by org.testng.reporters.JUnitReportReporter -->
<testsuite hostname="DESKTOP-HIN4ESK" failures="0" tests="1" name="tutorialspoint.table" time="0.432" errors="0" timestamp="2024-08-07T10:47:24 IST" skipped="0">
  <testcase classname="tutorialspoint.table" name="f" time="0.432"/>
</testsuite> <!-- tutorialspoint.table -->
